Warning: You are sending unauthenticated requests to the HF Hub. Please set a HF_TOKEN to enable higher rate limits and faster downloads.
already done: 0
Fetching 9 files:   0%|          | 0/9 [00:00<?, ?it/s]Fetching 9 files: 100%|██████████| 9/9 [00:00<00:00, 19909.67it/s]
  10 done (10/200)
  20 done (20/200)
  30 done (30/200)
  40 done (40/200)
  50 done (50/200)
  60 done (60/200)
  70 done (70/200)
  80 done (80/200)
  90 done (90/200)
  100 done (100/200)
  110 done (110/200)
  120 done (120/200)
  130 done (130/200)
  140 done (140/200)
  150 done (150/200)
  160 done (160/200)
  170 done (170/200)
  180 done (180/200)
  190 done (190/200)
  200 done (200/200)
capture done: ok=200 fail=0 -> /Users/nicoveraz/work/eunosia/artifacts/medqa-richdist-capture/per_question.jsonl

N=200 wrong_rate=0.370
SANITY mean_entropy sign-aware AUC = 0.6831  (expect [0.62,0.74])

feature           standalone       incr over mean_ent  spearman
entropy_full           0.667  -0.0034 [-0.0119,+0.0045]     0.907 null
varentropy             0.538  -0.0004 [-0.0107,+0.0093]     0.331 null
entfull_slope          0.517  -0.0100 [-0.0204,-0.0002]    -0.142 null

ALL three + mean_entropy: incr -0.0160 [-0.0347,+0.0004] null
